<?xml version="1.0" encoding="UTF-8"?>
<testsuite name="RegressionTests" tests="9" skipped="0" failures="0" errors="0" timestamp="2022-11-03T14:07:53" hostname="Julias-MacBook-Pro-3.local" time="0.004">
  <properties/>
  <testcase name="testLevelSelection" classname="RegressionTests" time="0.002"/>
  <testcase name="testcollectItems" classname="RegressionTests" time="0.0"/>
  <testcase name="testLoseLife" classname="RegressionTests" time="0.0"/>
  <testcase name="testScoreChanges" classname="RegressionTests" time="0.001"/>
  <testcase name="testKillEnemy" classname="RegressionTests" time="0.0"/>
  <testcase name="testFailLevel" classname="RegressionTests" time="0.0"/>
  <testcase name="testMovementKeys" classname="RegressionTests" time="0.0"/>
  <testcase name="testRestartGame" classname="RegressionTests" time="0.0"/>
  <testcase name="testPauseButton" classname="RegressionTests" time="0.0"/>
  <system-out><![CDATA[]]></system-out>
  <system-err><![CDATA[]]></system-err>
</testsuite>
